{"C:\\Proj\\React\\the-ultimate-redux-course\\redux-starter\\src\\math.js": {"path":"C:\\Proj\\React\\the-ultimate-redux-course\\redux-starter\\src\\math.js","statementMap":{"0":{"start":{"line":1,"column":22},"end":{"line":1,"column":50}},"1":{"start":{"line":1,"column":34},"end":{"line":1,"column":50}}},"fnMap":{"0":{"name":"(anonymous_0)","decl":{"start":{"line":1,"column":22},"end":{"line":1,"column":23}},"loc":{"start":{"line":1,"column":34},"end":{"line":1,"column":50}},"line":1}},"branchMap":{},"s":{"0":1,"1":2},"f":{"0":2},"b":{},"_coverageSchema":"1a1c01bbd47fc00a2c39e90264f33305004495a9","hash":"fe2e248c54ded1699ed32787a6378360c3587885"}
,"C:\\Proj\\React\\the-ultimate-redux-course\\redux-starter\\src\\store\\api.js": {"path":"C:\\Proj\\React\\the-ultimate-redux-course\\redux-starter\\src\\store\\api.js","statementMap":{"0":{"start":{"line":3,"column":28},"end":{"line":3,"column":57}},"1":{"start":{"line":4,"column":30},"end":{"line":4,"column":61}},"2":{"start":{"line":5,"column":28},"end":{"line":5,"column":58}}},"fnMap":{},"branchMap":{},"s":{"0":1,"1":1,"2":1},"f":{},"b":{},"_coverageSchema":"1a1c01bbd47fc00a2c39e90264f33305004495a9","hash":"805c990ec3fcb0c5c9a0867ebf307b836ab264b2"}
,"C:\\Proj\\React\\the-ultimate-redux-course\\redux-starter\\src\\store\\bugs.js": {"path":"C:\\Proj\\React\\the-ultimate-redux-course\\redux-starter\\src\\store\\bugs.js","statementMap":{"0":{"start":{"line":6,"column":14},"end":{"line":44,"column":2}},"1":{"start":{"line":16,"column":6},"end":{"line":16,"column":37}},"2":{"start":{"line":19,"column":36},"end":{"line":19,"column":50}},"3":{"start":{"line":20,"column":20},"end":{"line":20,"column":62}},"4":{"start":{"line":20,"column":47},"end":{"line":20,"column":61}},"5":{"start":{"line":21,"column":6},"end":{"line":21,"column":39}},"6":{"start":{"line":24,"column":20},"end":{"line":24,"column":74}},"7":{"start":{"line":24,"column":47},"end":{"line":24,"column":73}},"8":{"start":{"line":25,"column":6},"end":{"line":25,"column":33}},"9":{"start":{"line":29,"column":20},"end":{"line":29,"column":74}},"10":{"start":{"line":29,"column":47},"end":{"line":29,"column":73}},"11":{"start":{"line":30,"column":6},"end":{"line":30,"column":39}},"12":{"start":{"line":33,"column":6},"end":{"line":33,"column":33}},"13":{"start":{"line":34,"column":6},"end":{"line":34,"column":27}},"14":{"start":{"line":35,"column":6},"end":{"line":35,"column":34}},"15":{"start":{"line":38,"column":6},"end":{"line":38,"column":26}},"16":{"start":{"line":41,"column":6},"end":{"line":41,"column":27}},"17":{"start":{"line":54,"column":4},"end":{"line":54,"column":17}},"18":{"start":{"line":58,"column":12},"end":{"line":58,"column":19}},"19":{"start":{"line":60,"column":22},"end":{"line":66,"column":4}},"20":{"start":{"line":61,"column":2},"end":{"line":66,"column":4}},"21":{"start":{"line":68,"column":31},"end":{"line":74,"column":4}},"22":{"start":{"line":69,"column":2},"end":{"line":74,"column":4}},"23":{"start":{"line":76,"column":24},"end":{"line":90,"column":1}},"24":{"start":{"line":76,"column":30},"end":{"line":90,"column":1}},"25":{"start":{"line":77,"column":24},"end":{"line":77,"column":48}},"26":{"start":{"line":79,"column":24},"end":{"line":79,"column":67}},"27":{"start":{"line":80,"column":2},"end":{"line":80,"column":33}},"28":{"start":{"line":80,"column":26},"end":{"line":80,"column":33}},"29":{"start":{"line":82,"column":2},"end":{"line":89,"column":4}},"30":{"start":{"line":92,"column":26},"end":{"line":98,"column":4}},"31":{"start":{"line":93,"column":2},"end":{"line":98,"column":4}},"32":{"start":{"line":103,"column":33},"end":{"line":107,"column":1}},"33":{"start":{"line":104,"column":13},"end":{"line":104,"column":32}},"34":{"start":{"line":105,"column":13},"end":{"line":105,"column":36}},"35":{"start":{"line":106,"column":22},"end":{"line":106,"column":57}},"36":{"start":{"line":106,"column":43},"end":{"line":106,"column":56}},"37":{"start":{"line":109,"column":29},"end":{"line":113,"column":3}},"38":{"start":{"line":110,"column":2},"end":{"line":113,"column":3}},"39":{"start":{"line":111,"column":15},"end":{"line":111,"column":34}},"40":{"start":{"line":112,"column":14},"end":{"line":112,"column":53}},"41":{"start":{"line":112,"column":33},"end":{"line":112,"column":52}}},"fnMap":{"0":{"name":"(anonymous_0)","decl":{"start":{"line":15,"column":14},"end":{"line":15,"column":15}},"loc":{"start":{"line":15,"column":32},"end":{"line":17,"column":5}},"line":15},"1":{"name":"(anonymous_1)","decl":{"start":{"line":18,"column":23},"end":{"line":18,"column":24}},"loc":{"start":{"line":18,"column":41},"end":{"line":22,"column":5}},"line":18},"2":{"name":"(anonymous_2)","decl":{"start":{"line":20,"column":40},"end":{"line":20,"column":41}},"loc":{"start":{"line":20,"column":47},"end":{"line":20,"column":61}},"line":20},"3":{"name":"(anonymous_3)","decl":{"start":{"line":23,"column":16},"end":{"line":23,"column":17}},"loc":{"start":{"line":23,"column":34},"end":{"line":26,"column":5}},"line":23},"4":{"name":"(anonymous_4)","decl":{"start":{"line":24,"column":40},"end":{"line":24,"column":41}},"loc":{"start":{"line":24,"column":47},"end":{"line":24,"column":73}},"line":24},"5":{"name":"(anonymous_5)","decl":{"start":{"line":28,"column":17},"end":{"line":28,"column":18}},"loc":{"start":{"line":28,"column":35},"end":{"line":31,"column":5}},"line":28},"6":{"name":"(anonymous_6)","decl":{"start":{"line":29,"column":40},"end":{"line":29,"column":41}},"loc":{"start":{"line":29,"column":47},"end":{"line":29,"column":73}},"line":29},"7":{"name":"(anonymous_7)","decl":{"start":{"line":32,"column":18},"end":{"line":32,"column":19}},"loc":{"start":{"line":32,"column":36},"end":{"line":36,"column":5}},"line":32},"8":{"name":"(anonymous_8)","decl":{"start":{"line":37,"column":19},"end":{"line":37,"column":20}},"loc":{"start":{"line":37,"column":37},"end":{"line":39,"column":5}},"line":37},"9":{"name":"(anonymous_9)","decl":{"start":{"line":40,"column":23},"end":{"line":40,"column":24}},"loc":{"start":{"line":40,"column":41},"end":{"line":42,"column":5}},"line":40},"10":{"name":"(anonymous_10)","decl":{"start":{"line":60,"column":22},"end":{"line":60,"column":23}},"loc":{"start":{"line":61,"column":2},"end":{"line":66,"column":4}},"line":61},"11":{"name":"(anonymous_11)","decl":{"start":{"line":68,"column":31},"end":{"line":68,"column":32}},"loc":{"start":{"line":69,"column":2},"end":{"line":74,"column":4}},"line":69},"12":{"name":"(anonymous_12)","decl":{"start":{"line":76,"column":24},"end":{"line":76,"column":25}},"loc":{"start":{"line":76,"column":30},"end":{"line":90,"column":1}},"line":76},"13":{"name":"(anonymous_13)","decl":{"start":{"line":76,"column":30},"end":{"line":76,"column":31}},"loc":{"start":{"line":76,"column":54},"end":{"line":90,"column":1}},"line":76},"14":{"name":"(anonymous_14)","decl":{"start":{"line":92,"column":26},"end":{"line":92,"column":27}},"loc":{"start":{"line":93,"column":2},"end":{"line":98,"column":4}},"line":93},"15":{"name":"(anonymous_15)","decl":{"start":{"line":104,"column":2},"end":{"line":104,"column":3}},"loc":{"start":{"line":104,"column":13},"end":{"line":104,"column":32}},"line":104},"16":{"name":"(anonymous_16)","decl":{"start":{"line":105,"column":2},"end":{"line":105,"column":3}},"loc":{"start":{"line":105,"column":13},"end":{"line":105,"column":36}},"line":105},"17":{"name":"(anonymous_17)","decl":{"start":{"line":106,"column":2},"end":{"line":106,"column":3}},"loc":{"start":{"line":106,"column":22},"end":{"line":106,"column":57}},"line":106},"18":{"name":"(anonymous_18)","decl":{"start":{"line":106,"column":34},"end":{"line":106,"column":35}},"loc":{"start":{"line":106,"column":43},"end":{"line":106,"column":56}},"line":106},"19":{"name":"(anonymous_19)","decl":{"start":{"line":109,"column":29},"end":{"line":109,"column":30}},"loc":{"start":{"line":110,"column":2},"end":{"line":113,"column":3}},"line":110},"20":{"name":"(anonymous_20)","decl":{"start":{"line":111,"column":4},"end":{"line":111,"column":5}},"loc":{"start":{"line":111,"column":15},"end":{"line":111,"column":34}},"line":111},"21":{"name":"(anonymous_21)","decl":{"start":{"line":112,"column":4},"end":{"line":112,"column":5}},"loc":{"start":{"line":112,"column":14},"end":{"line":112,"column":53}},"line":112},"22":{"name":"(anonymous_22)","decl":{"start":{"line":112,"column":26},"end":{"line":112,"column":27}},"loc":{"start":{"line":112,"column":33},"end":{"line":112,"column":52}},"line":112}},"branchMap":{"0":{"loc":{"start":{"line":80,"column":2},"end":{"line":80,"column":33}},"type":"if","locations":[{"start":{"line":80,"column":2},"end":{"line":80,"column":33}},{"start":{"line":80,"column":2},"end":{"line":80,"column":33}}],"line":80}},"s":{"0":1,"1":1,"2":0,"3":0,"4":0,"5":0,"6":0,"7":0,"8":0,"9":0,"10":0,"11":0,"12":0,"13":0,"14":0,"15":0,"16":0,"17":1,"18":1,"19":1,"20":2,"21":1,"22":0,"23":1,"24":0,"25":0,"26":0,"27":0,"28":0,"29":0,"30":1,"31":0,"32":1,"33":0,"34":0,"35":0,"36":0,"37":1,"38":0,"39":0,"40":0,"41":0},"f":{"0":1,"1":0,"2":0,"3":0,"4":0,"5":0,"6":0,"7":0,"8":0,"9":0,"10":2,"11":0,"12":0,"13":0,"14":0,"15":0,"16":0,"17":0,"18":0,"19":0,"20":0,"21":0,"22":0},"b":{"0":[0,0]},"_coverageSchema":"1a1c01bbd47fc00a2c39e90264f33305004495a9","hash":"a0ebfe6af53d682e6bba415237fa2ad18a997dc5"}
,"C:\\Proj\\React\\the-ultimate-redux-course\\redux-starter\\src\\store\\configureStore.js": {"path":"C:\\Proj\\React\\the-ultimate-redux-course\\redux-starter\\src\\store\\configureStore.js","statementMap":{"0":{"start":{"line":8,"column":2},"end":{"line":11,"column":5}}},"fnMap":{"0":{"name":"(anonymous_0)","decl":{"start":{"line":7,"column":15},"end":{"line":7,"column":16}},"loc":{"start":{"line":7,"column":27},"end":{"line":12,"column":1}},"line":7}},"branchMap":{},"s":{"0":2},"f":{"0":2},"b":{},"_coverageSchema":"1a1c01bbd47fc00a2c39e90264f33305004495a9","hash":"2e69438f2c43a76e311740f52909805bfe876c1a"}
,"C:\\Proj\\React\\the-ultimate-redux-course\\redux-starter\\src\\store\\entities.js": {"path":"C:\\Proj\\React\\the-ultimate-redux-course\\redux-starter\\src\\store\\entities.js","statementMap":{},"fnMap":{},"branchMap":{},"s":{},"f":{},"b":{},"_coverageSchema":"1a1c01bbd47fc00a2c39e90264f33305004495a9","hash":"39ff10f9fa42c3d3de7da910905248de91f99316"}
,"C:\\Proj\\React\\the-ultimate-redux-course\\redux-starter\\src\\store\\projects.js": {"path":"C:\\Proj\\React\\the-ultimate-redux-course\\redux-starter\\src\\store\\projects.js","statementMap":{"0":{"start":{"line":3,"column":14},"end":{"line":3,"column":15}},"1":{"start":{"line":5,"column":14},"end":{"line":16,"column":2}},"2":{"start":{"line":10,"column":6},"end":{"line":13,"column":9}},"3":{"start":{"line":18,"column":32},"end":{"line":18,"column":45}}},"fnMap":{"0":{"name":"(anonymous_0)","decl":{"start":{"line":9,"column":18},"end":{"line":9,"column":19}},"loc":{"start":{"line":9,"column":40},"end":{"line":14,"column":5}},"line":9}},"branchMap":{},"s":{"0":1,"1":1,"2":0,"3":1},"f":{"0":0},"b":{},"_coverageSchema":"1a1c01bbd47fc00a2c39e90264f33305004495a9","hash":"371d9b4961184a3f347a59920eaf680a4bf0a082"}
,"C:\\Proj\\React\\the-ultimate-redux-course\\redux-starter\\src\\store\\reducer.js": {"path":"C:\\Proj\\React\\the-ultimate-redux-course\\redux-starter\\src\\store\\reducer.js","statementMap":{},"fnMap":{},"branchMap":{},"s":{},"f":{},"b":{},"_coverageSchema":"1a1c01bbd47fc00a2c39e90264f33305004495a9","hash":"c99c475b9612004c95943d135cde59c5c1cd0d8a"}
,"C:\\Proj\\React\\the-ultimate-redux-course\\redux-starter\\src\\store\\users.js": {"path":"C:\\Proj\\React\\the-ultimate-redux-course\\redux-starter\\src\\store\\users.js","statementMap":{"0":{"start":{"line":3,"column":14},"end":{"line":3,"column":15}},"1":{"start":{"line":5,"column":14},"end":{"line":16,"column":2}},"2":{"start":{"line":10,"column":6},"end":{"line":13,"column":9}},"3":{"start":{"line":18,"column":29},"end":{"line":18,"column":42}}},"fnMap":{"0":{"name":"(anonymous_0)","decl":{"start":{"line":9,"column":15},"end":{"line":9,"column":16}},"loc":{"start":{"line":9,"column":34},"end":{"line":14,"column":5}},"line":9}},"branchMap":{},"s":{"0":1,"1":1,"2":0,"3":1},"f":{"0":0},"b":{},"_coverageSchema":"1a1c01bbd47fc00a2c39e90264f33305004495a9","hash":"e57b4e070d8347b0e1e8e88417e62be570b02971"}
,"C:\\Proj\\React\\the-ultimate-redux-course\\redux-starter\\src\\store\\middleware\\api.js": {"path":"C:\\Proj\\React\\the-ultimate-redux-course\\redux-starter\\src\\store\\middleware\\api.js","statementMap":{"0":{"start":{"line":4,"column":12},"end":{"line":31,"column":1}},"1":{"start":{"line":4,"column":30},"end":{"line":31,"column":1}},"2":{"start":{"line":4,"column":40},"end":{"line":31,"column":1}},"3":{"start":{"line":5,"column":2},"end":{"line":5,"column":69}},"4":{"start":{"line":5,"column":49},"end":{"line":5,"column":69}},"5":{"start":{"line":7,"column":61},"end":{"line":7,"column":75}},"6":{"start":{"line":9,"column":2},"end":{"line":9,"column":43}},"7":{"start":{"line":9,"column":15},"end":{"line":9,"column":43}},"8":{"start":{"line":11,"column":2},"end":{"line":11,"column":15}},"9":{"start":{"line":13,"column":2},"end":{"line":30,"column":3}},"10":{"start":{"line":14,"column":21},"end":{"line":19,"column":6}},"11":{"start":{"line":22,"column":4},"end":{"line":22,"column":52}},"12":{"start":{"line":24,"column":4},"end":{"line":24,"column":73}},"13":{"start":{"line":24,"column":19},"end":{"line":24,"column":73}},"14":{"start":{"line":27,"column":4},"end":{"line":27,"column":47}},"15":{"start":{"line":29,"column":4},"end":{"line":29,"column":66}},"16":{"start":{"line":29,"column":17},"end":{"line":29,"column":66}}},"fnMap":{"0":{"name":"(anonymous_0)","decl":{"start":{"line":4,"column":12},"end":{"line":4,"column":13}},"loc":{"start":{"line":4,"column":30},"end":{"line":31,"column":1}},"line":4},"1":{"name":"(anonymous_1)","decl":{"start":{"line":4,"column":30},"end":{"line":4,"column":31}},"loc":{"start":{"line":4,"column":40},"end":{"line":31,"column":1}},"line":4},"2":{"name":"(anonymous_2)","decl":{"start":{"line":4,"column":40},"end":{"line":4,"column":41}},"loc":{"start":{"line":4,"column":58},"end":{"line":31,"column":1}},"line":4}},"branchMap":{"0":{"loc":{"start":{"line":5,"column":2},"end":{"line":5,"column":69}},"type":"if","locations":[{"start":{"line":5,"column":2},"end":{"line":5,"column":69}},{"start":{"line":5,"column":2},"end":{"line":5,"column":69}}],"line":5},"1":{"loc":{"start":{"line":9,"column":2},"end":{"line":9,"column":43}},"type":"if","locations":[{"start":{"line":9,"column":2},"end":{"line":9,"column":43}},{"start":{"line":9,"column":2},"end":{"line":9,"column":43}}],"line":9},"2":{"loc":{"start":{"line":24,"column":4},"end":{"line":24,"column":73}},"type":"if","locations":[{"start":{"line":24,"column":4},"end":{"line":24,"column":73}},{"start":{"line":24,"column":4},"end":{"line":24,"column":73}}],"line":24},"3":{"loc":{"start":{"line":29,"column":4},"end":{"line":29,"column":66}},"type":"if","locations":[{"start":{"line":29,"column":4},"end":{"line":29,"column":66}},{"start":{"line":29,"column":4},"end":{"line":29,"column":66}}],"line":29}},"s":{"0":1,"1":2,"2":2,"3":5,"4":3,"5":2,"6":2,"7":0,"8":2,"9":2,"10":2,"11":1,"12":1,"13":1,"14":1,"15":1,"16":0},"f":{"0":2,"1":2,"2":5},"b":{"0":[3,2],"1":[0,2],"2":[1,0],"3":[0,1]},"_coverageSchema":"1a1c01bbd47fc00a2c39e90264f33305004495a9","hash":"afa214cba0bb739114025fa5f4ab970eec093e68"}
,"C:\\Proj\\React\\the-ultimate-redux-course\\redux-starter\\src\\store\\middleware\\logger.js": {"path":"C:\\Proj\\React\\the-ultimate-redux-course\\redux-starter\\src\\store\\middleware\\logger.js","statementMap":{"0":{"start":{"line":1,"column":15},"end":{"line":4,"column":1}},"1":{"start":{"line":1,"column":26},"end":{"line":4,"column":1}},"2":{"start":{"line":1,"column":37},"end":{"line":4,"column":1}},"3":{"start":{"line":1,"column":47},"end":{"line":4,"column":1}},"4":{"start":{"line":2,"column":2},"end":{"line":2,"column":30}},"5":{"start":{"line":3,"column":2},"end":{"line":3,"column":22}}},"fnMap":{"0":{"name":"(anonymous_0)","decl":{"start":{"line":1,"column":15},"end":{"line":1,"column":16}},"loc":{"start":{"line":1,"column":26},"end":{"line":4,"column":1}},"line":1},"1":{"name":"(anonymous_1)","decl":{"start":{"line":1,"column":26},"end":{"line":1,"column":27}},"loc":{"start":{"line":1,"column":37},"end":{"line":4,"column":1}},"line":1},"2":{"name":"(anonymous_2)","decl":{"start":{"line":1,"column":37},"end":{"line":1,"column":38}},"loc":{"start":{"line":1,"column":47},"end":{"line":4,"column":1}},"line":1},"3":{"name":"(anonymous_3)","decl":{"start":{"line":1,"column":47},"end":{"line":1,"column":48}},"loc":{"start":{"line":1,"column":59},"end":{"line":4,"column":1}},"line":1}},"branchMap":{},"s":{"0":1,"1":2,"2":2,"3":2,"4":5,"5":5},"f":{"0":2,"1":2,"2":2,"3":5},"b":{},"_coverageSchema":"1a1c01bbd47fc00a2c39e90264f33305004495a9","hash":"2e7bc7e4a061b33791b531e25567e65b783f437b"}
,"C:\\Proj\\React\\the-ultimate-redux-course\\redux-starter\\src\\store\\middleware\\toast.js": {"path":"C:\\Proj\\React\\the-ultimate-redux-course\\redux-starter\\src\\store\\middleware\\toast.js","statementMap":{"0":{"start":{"line":1,"column":14},"end":{"line":5,"column":1}},"1":{"start":{"line":1,"column":25},"end":{"line":5,"column":1}},"2":{"start":{"line":1,"column":35},"end":{"line":5,"column":1}},"3":{"start":{"line":2,"column":2},"end":{"line":4,"column":27}},"4":{"start":{"line":3,"column":4},"end":{"line":3,"column":55}},"5":{"start":{"line":4,"column":7},"end":{"line":4,"column":27}}},"fnMap":{"0":{"name":"(anonymous_0)","decl":{"start":{"line":1,"column":14},"end":{"line":1,"column":15}},"loc":{"start":{"line":1,"column":25},"end":{"line":5,"column":1}},"line":1},"1":{"name":"(anonymous_1)","decl":{"start":{"line":1,"column":25},"end":{"line":1,"column":26}},"loc":{"start":{"line":1,"column":35},"end":{"line":5,"column":1}},"line":1},"2":{"name":"(anonymous_2)","decl":{"start":{"line":1,"column":35},"end":{"line":1,"column":36}},"loc":{"start":{"line":1,"column":47},"end":{"line":5,"column":1}},"line":1}},"branchMap":{"0":{"loc":{"start":{"line":2,"column":2},"end":{"line":4,"column":27}},"type":"if","locations":[{"start":{"line":2,"column":2},"end":{"line":4,"column":27}},{"start":{"line":2,"column":2},"end":{"line":4,"column":27}}],"line":2}},"s":{"0":1,"1":2,"2":2,"3":5,"4":0,"5":5},"f":{"0":2,"1":2,"2":5},"b":{"0":[0,5]},"_coverageSchema":"1a1c01bbd47fc00a2c39e90264f33305004495a9","hash":"292b0b8f4cfb290f14209b6d8d5a3796754a3356"}
}
